=== Proxmox Status Report - Tue Dec 23 06:46:54 AM CET 2025 ===
======================================
pveversion -v
proxmox-ve: 9.1.0 (running kernel: 6.17.4-1-pve)
pve-manager: 9.1.2 (running version: 9.1.2/9d436f37a0ac4172)
proxmox-kernel-helper: 9.0.4
proxmox-kernel-6.17.4-1-pve-signed: 6.17.4-1
proxmox-kernel-6.17: 6.17.4-1
proxmox-kernel-6.17.2-2-pve-signed: 6.17.2-2
proxmox-kernel-6.14.11-4-pve-signed: 6.14.11-4
proxmox-kernel-6.14: 6.14.11-4
proxmox-kernel-6.14.8-2-pve-signed: 6.14.8-2
ceph-fuse: 19.2.3-pve1
corosync: 3.1.9-pve2
criu: 4.1.1-1
frr-pythontools: 10.4.1-1+pve1
ifupdown2: 3.3.0-1+pmx11
intel-microcode: 3.20250812.1~deb13u1
ksm-control-daemon: 1.5-1
libjs-extjs: 7.0.0-5
libproxmox-acme-perl: 1.7.0
libproxmox-backup-qemu0: 2.0.1
libproxmox-rs-perl: 0.4.1
libpve-access-control: 9.0.5
libpve-apiclient-perl: 3.4.2
libpve-cluster-api-perl: 9.0.7
libpve-cluster-perl: 9.0.7
libpve-common-perl: 9.1.1
libpve-guest-common-perl: 6.0.2
libpve-http-server-perl: 6.0.5
libpve-network-perl: 1.2.4
libpve-rs-perl: 0.11.4
libpve-storage-perl: 9.1.0
libspice-server1: 0.15.2-1+b1
lvm2: 2.03.31-2+pmx1
lxc-pve: 6.0.5-3
lxcfs: 6.0.4-pve1
novnc-pve: 1.6.0-3
proxmox-backup-client: 4.1.0-1
proxmox-backup-file-restore: 4.1.0-1
proxmox-backup-restore-image: 1.0.0
proxmox-firewall: 1.2.1
proxmox-kernel-helper: 9.0.4
proxmox-mail-forward: 1.0.2
proxmox-mini-journalreader: 1.6
proxmox-offline-mirror-helper: 0.7.3
proxmox-widget-toolkit: 5.1.5
pve-cluster: 9.0.7
pve-container: 6.0.18
pve-docs: 9.1.1
pve-edk2-firmware: 4.2025.05-2
pve-esxi-import-tools: 1.0.1
pve-firewall: 6.0.4
pve-firmware: 3.17-2
pve-ha-manager: 5.0.8
pve-i18n: 3.6.6
pve-qemu-kvm: 10.1.2-4
pve-xtermjs: 5.5.0-3
qemu-server: 9.1.2
smartmontools: 7.4-pve1
spiceterm: 3.4.1
swtpm: 0.8.0+pve3
vncterm: 1.9.1
zfsutils-linux: 2.3.4-pve1
---
pvesh get /nodes/starhaven/status
┌────────────────┬─────────────────────────────────────────────────────────────────────────────────────────────────────────────────────────────────────────────────────────────────────────────────────────────────────────────────────────────────────────────────────────────────────────────────────────────────────────────────────────────────────────────────────────────────────────────────────────────────────────────────────────────────────────────────────────────────────────────────────────────────────────────────────────────────────────────────────────────────────────────────────────────────────────────────────────────────────────────────────────────────────────────────────────────────────────────────────────────────────────────────────────────────────────────────────────────────────────────────────────────────────────────────────────────────────────────────────────────────────────┐
│ key            │ value                                                                                                                                                                                                                                                                                                                                                                                                                                                                                                                                                                                                                                                                                                                                                                                                                                                                                                   │
╞════════════════╪═════════════════════════════════════════════════════════════════════════════════════════════════════════════════════════════════════════════════════════════════════════════════════════════════════════════════════════════════════════════════════════════════════════════════════════════════════════════════════════════════════════════════════════════════════════════════════════════════════════════════════════════════════════════════════════════════════════════════════════════════════════════════════════════════════════════════════════════════════════════════════════════════════════════════════════════════════════════════════════════════════════════════════════════════════════════════════════════════════════════════════════════════════════════════════════════════════════════════════════════════════════════════════════════════════════════════════════════════════════╡
│ boot-info      │ {"mode":"efi","secureboot":1}                                                                                                                                                                                                                                                                                                                                                                                                                                                                                                                                                                                                                                                                                                                                                                                                                                                                           │
├────────────────┼─────────────────────────────────────────────────────────────────────────────────────────────────────────────────────────────────────────────────────────────────────────────────────────────────────────────────────────────────────────────────────────────────────────────────────────────────────────────────────────────────────────────────────────────────────────────────────────────────────────────────────────────────────────────────────────────────────────────────────────────────────────────────────────────────────────────────────────────────────────────────────────────────────────────────────────────────────────────────────────────────────────────────────────────────────────────────────────────────────────────────────────────────────────────────────────────────────────────────────────────────────────────────────────────────────────────────────────────────────────┤
│ cpu            │ 0                                                                                                                                                                                                                                                                                                                                                                                                                                                                                                                                                                                                                                                                                                                                                                                                                                                                                                       │
├────────────────┼─────────────────────────────────────────────────────────────────────────────────────────────────────────────────────────────────────────────────────────────────────────────────────────────────────────────────────────────────────────────────────────────────────────────────────────────────────────────────────────────────────────────────────────────────────────────────────────────────────────────────────────────────────────────────────────────────────────────────────────────────────────────────────────────────────────────────────────────────────────────────────────────────────────────────────────────────────────────────────────────────────────────────────────────────────────────────────────────────────────────────────────────────────────────────────────────────────────────────────────────────────────────────────────────────────────────────────────────────────────┤
│ cpuinfo        │ {"cores":6,"cpus":6,"flags":"fpu vme de pse tsc msr pae mce cx8 apic sep mtrr pge mca cmov pat pse36 clflush dts acpi mmx fxsr sse sse2 ss ht tm pbe syscall nx pdpe1gb rdtscp lm constant_tsc art arch_perfmon pebs bts rep_good nopl xtopology nonstop_tsc cpuid aperfmperf pni pclmulqdq dtes64 monitor ds_cpl vmx smx est tm2 ssse3 sdbg fma cx16 xtpr pdcm pcid sse4_1 sse4_2 x2apic movbe popcnt tsc_deadline_timer aes xsave avx f16c rdrand lahf_lm abm 3dnowprefetch cpuid_fault epb ssbd ibrs ibpb stibp tpr_shadow flexpriority ept vpid ept_ad fsgsbase tsc_adjust bmi1 avx2 smep bmi2 erms invpcid mpx rdseed adx smap clflushopt intel_pt xsaveopt xsavec xgetbv1 xsaves dtherm ida arat pln pts hwp hwp_notify hwp_act_window hwp_epp vnmi md_clear flush_l1d arch_capabilities","hvm":"1","mhz":"3899.077","model":"Intel(R) Core(TM) i5-8500 CPU @ 3.00GHz","sockets":1,"user_hz":100} │
├────────────────┼─────────────────────────────────────────────────────────────────────────────────────────────────────────────────────────────────────────────────────────────────────────────────────────────────────────────────────────────────────────────────────────────────────────────────────────────────────────────────────────────────────────────────────────────────────────────────────────────────────────────────────────────────────────────────────────────────────────────────────────────────────────────────────────────────────────────────────────────────────────────────────────────────────────────────────────────────────────────────────────────────────────────────────────────────────────────────────────────────────────────────────────────────────────────────────────────────────────────────────────────────────────────────────────────────────────────────────────────────────────┤
│ current-kernel │ {"machine":"x86_64","release":"6.17.4-1-pve","sysname":"Linux","version":"#1 SMP PREEMPT_DYNAMIC PMX 6.17.4-1 (2025-12-03T15:42Z)"}                                                                                                                                                                                                                                                                                                                                                                                                                                                                                                                                                                                                                                                                                                                                                                     │
├────────────────┼─────────────────────────────────────────────────────────────────────────────────────────────────────────────────────────────────────────────────────────────────────────────────────────────────────────────────────────────────────────────────────────────────────────────────────────────────────────────────────────────────────────────────────────────────────────────────────────────────────────────────────────────────────────────────────────────────────────────────────────────────────────────────────────────────────────────────────────────────────────────────────────────────────────────────────────────────────────────────────────────────────────────────────────────────────────────────────────────────────────────────────────────────────────────────────────────────────────────────────────────────────────────────────────────────────────────────────────────────────────┤
│ loadavg        │ ["1.36","0.92","0.85"]                                                                                                                                                                                                                                                                                                                                                                                                                                                                                                                                                                                                                                                                                                                                                                                                                                                                                  │
├────────────────┼─────────────────────────────────────────────────────────────────────────────────────────────────────────────────────────────────────────────────────────────────────────────────────────────────────────────────────────────────────────────────────────────────────────────────────────────────────────────────────────────────────────────────────────────────────────────────────────────────────────────────────────────────────────────────────────────────────────────────────────────────────────────────────────────────────────────────────────────────────────────────────────────────────────────────────────────────────────────────────────────────────────────────────────────────────────────────────────────────────────────────────────────────────────────────────────────────────────────────────────────────────────────────────────────────────────────────────────────────────────┤
│ memory         │ {"available":33236295680,"free":32865595392,"total":67244875776,"used":34008580096}                                                                                                                                                                                                                                                                                                                                                                                                                                                                                                                                                                                                                                                                                                                                                                                                                     │
├────────────────┼─────────────────────────────────────────────────────────────────────────────────────────────────────────────────────────────────────────────────────────────────────────────────────────────────────────────────────────────────────────────────────────────────────────────────────────────────────────────────────────────────────────────────────────────────────────────────────────────────────────────────────────────────────────────────────────────────────────────────────────────────────────────────────────────────────────────────────────────────────────────────────────────────────────────────────────────────────────────────────────────────────────────────────────────────────────────────────────────────────────────────────────────────────────────────────────────────────────────────────────────────────────────────────────────────────────────────────────────────────────┤
│ pveversion     │ pve-manager/9.1.2/9d436f37a0ac4172                                                                                                                                                                                                                                                                                                                                                                                                                                                                                                                                                                                                                                                                                                                                                                                                                                                                      │
├────────────────┼─────────────────────────────────────────────────────────────────────────────────────────────────────────────────────────────────────────────────────────────────────────────────────────────────────────────────────────────────────────────────────────────────────────────────────────────────────────────────────────────────────────────────────────────────────────────────────────────────────────────────────────────────────────────────────────────────────────────────────────────────────────────────────────────────────────────────────────────────────────────────────────────────────────────────────────────────────────────────────────────────────────────────────────────────────────────────────────────────────────────────────────────────────────────────────────────────────────────────────────────────────────────────────────────────────────────────────────────────────────┤
│ rootfs         │ {"avail":63315865600,"free":68486602752,"total":100861726720,"used":32375123968}                                                                                                                                                                                                                                                                                                                                                                                                                                                                                                                                                                                                                                                                                                                                                                                                                        │
└────────────────┴─────────────────────────────────────────────────────────────────────────────────────────────────────────────────────────────────────────────────────────────────────────────────────────────────────────────────────────────────────────────────────────────────────────────────────────────────────────────────────────────────────────────────────────────────────────────────────────────────────────────────────────────────────────────────────────────────────────────────────────────────────────────────────────────────────────────────────────────────────────────────────────────────────────────────────────────────────────────────────────────────────────────────────────────────────────────────────────────────────────────────────────────────────────────────────────────────────────────────────────────────────────────────────────────────────────────────────────────────────────┘
---
pvesm status
Name              Type     Status     Total (KiB)      Used (KiB) Available (KiB)        %
backups            dir     active       960302096       325708096       585739576   33.92%
local              dir     active        98497780        31616360        61831872   32.10%
local-lvm      lvmthin     active       832356352       142249700       690106651   17.09%
vm-2tb-hdd     zfspool     active      1885867232      1548302372       337564860   82.10%
---
lshw -short
H/W path           Device          Class          Description
=============================================================
                                   system         Precision 3630 Tower (0871)
/0                                 bus            0NNNCT
/0/0                               memory         64KiB BIOS
/0/9                               memory         64GiB System Memory
/0/9/0                             memory         16GiB DIMM DDR4 Synchronous 2666 MHz (0.4 ns)
/0/9/1                             memory         16GiB DIMM DDR4 Synchronous 2666 MHz (0.4 ns)
/0/9/2                             memory         16GiB DIMM DDR4 Synchronous 2666 MHz (0.4 ns)
/0/9/3                             memory         16GiB DIMM DDR4 Synchronous 2666 MHz (0.4 ns)
/0/14                              memory         384KiB L1 cache
/0/15                              memory         1536KiB L2 cache
/0/16                              memory         9MiB L3 cache
/0/17                              processor      Intel(R) Core(TM) i5-8500 CPU @ 3.00GHz
/0/100                             bridge         8th Gen Core Processor Host Bridge/DRAM Registers
/0/100/1                           bridge         6th-10th Gen Core Processor PCIe Controller (x16)
/0/100/1/0                         display        GP107 [GeForce GTX 1050 Ti]
/0/100/1/0.1                       multimedia     GP107GL High Definition Audio Controller
/0/100/2                           display        CoffeeLake-S GT2 [UHD Graphics 630]
/0/100/8                           generic        Xeon E3-1200 v5/v6 / E3-1500 v5 / 6th/7th/8th Gen Core Processor Gaussian Mixture Model
/0/100/12                          generic        Cannon Lake PCH Thermal Controller
/0/100/14                          bus            Cannon Lake PCH USB 3.1 xHCI Host Controller
/0/100/14/0        usb1            bus            xHCI Host Controller
/0/100/14/1        usb2            bus            xHCI Host Controller
/0/100/14.2                        memory         RAM memory
/0/100/15                          bus            Cannon Lake PCH Serial IO I2C Controller #0
/0/100/16                          communication  Cannon Lake PCH HECI Controller
/0/100/17          scsi1           storage        Cannon Lake PCH SATA AHCI Controller
/0/100/17/0        /dev/cdrom      disk           DVD+-RW DU-8A5LH
/0/100/17/1        /dev/sda        disk           2TB WDC WD20EZBX-00A
/0/100/17/1/1      /dev/sda1       volume         1863GiB OS X ZFS partition or Solaris /usr partition
/0/100/17/1/9      /dev/sda9       volume         8191KiB reserved partition
/0/100/17/0.0.0    /dev/sdb        disk           1TB WDC WD10EZEX-08R
/0/100/17/0.0.0/1  /dev/sdb1       volume         931GiB EXT4 volume
/0/100/1b                          bridge         Cannon Lake PCH PCI Express Root Port #17
/0/100/1b/0        /dev/nvme0      storage        CT1000P1SSD8
/0/100/1b/0/0      hwmon1          disk           NVMe disk
/0/100/1b/0/2      /dev/ng0n1      disk           NVMe disk
/0/100/1b/0/1      /dev/nvme0n1    disk           1TB NVMe disk
/0/100/1b/0/1/1    /dev/nvme0n1p1  volume         1006KiB BIOS Boot partition
/0/100/1b/0/1/2    /dev/nvme0n1p2  volume         1023MiB Windows FAT volume
/0/100/1b/0/1/3    /dev/nvme0n1p3  volume         929GiB LVM Physical Volume
/0/100/1d                          bridge         Cannon Lake PCH PCI Express Root Port #9
/0/100/1d.2                        bridge         Cannon Lake PCH PCI Express Root Port #11
/0/100/1d.2/0                      bridge         ASM1083/1085 PCIe to PCI Bridge
/0/100/1f                          bridge         C246 Chipset LPC/eSPI Controller
/0/100/1f/0                        system         PnP device PNP0c02
/0/100/1f/1                        system         PnP device PNP0c02
/0/100/1f/2                        communication  PnP device PNP0501
/0/100/1f/3                        system         PnP device PNP0c02
/0/100/1f/4                        system         PnP device PNP0c02
/0/100/1f/5                        system         PnP device PNP0c02
/0/100/1f/6                        system         PnP device PNP0c02
/0/100/1f/7                        system         PnP device PNP0c02
/0/100/1f.3        card0           multimedia     Cannon Lake PCH cAVS
/0/100/1f.3/0      input6          input          HDA Intel PCH Line Out
/0/100/1f.3/1      input7          input          HDA Intel PCH Front Headphone
/0/100/1f.4                        bus            Cannon Lake PCH SMBus Controller
/0/100/1f.5                        bus            Cannon Lake PCH SPI Controller
/0/100/1f.6        eno1            network        Ethernet Connection (7) I219-LM
/1                 input0          input          Sleep Button
/2                 input1          input          Power Button
/3                 input2          input          Power Button
/4                 input3          input          Video Bus
/5                 input4          input          PC Speaker
/6                 input5          input          Dell AIO WMI hotkeys
---
lsblk -o NAME,SIZE,TYPE,MODEL,SERIAL,STATE
NAME                           SIZE TYPE MODEL                  SERIAL               STATE
sda                            1.8T disk WDC WD20EZBX-00AYRA0   WD-WX62AC2RJVN0      running
├─sda1                         1.8T part                                             
└─sda9                           8M part                                             
sdb                          931.5G disk WDC WD10EZEX-08RKKA0   WD-WMC1S7192642      running
└─sdb1                       931.5G part                                             
sr0                           1024M rom  PLDS DVD+/-RW DU-8A5LH PNDVVPLC0091O53KKA00 running
zd0                            700G disk                                             
└─zd0p1                        700G part                                             
zd16                            60G disk                                             
├─zd16p1                      58.1G part                                             
└─zd16p2                       1.9G part                                             
zd32                           250G disk                                             
└─zd32p1                       250G part                                             
zd48                          26.3G disk                                             
├─zd48p1                      25.3G part                                             
├─zd48p2                         1K part                                             
└─zd48p5                       976M part                                             
zd64                          26.3G disk                                             
├─zd64p1                      24.9G part                                             
├─zd64p2                         1K part                                             
└─zd64p5                       1.4G part                                             
zd80                           250G disk                                             
├─zd80p1                     242.5G part                                             
└─zd80p2                       7.5G part                                             
zd96                            10G disk                                             
├─zd96p1                         4M part                                             
├─zd96p2                       256M part                                             
└─zd96p3                       9.7G part                                             
zd112                          120G disk                                             
├─zd112p1                    118.1G part                                             
└─zd112p3                      1.9G part                                             
nvme0n1                      931.5G disk CT1000P1SSD8           2006E289868B         live
├─nvme0n1p1                   1007K part                                             
├─nvme0n1p2                      1G part                                             
└─nvme0n1p3                    930G part                                             
  ├─pve-swap                     8G lvm                                              running
  ├─pve-root                    96G lvm                                              running
  ├─pve-data_tmeta             8.1G lvm                                              running
  │ └─pve-data-tpool         793.8G lvm                                              running
  │   ├─pve-data             793.8G lvm                                              running
  │   ├─pve-vm--104--disk--0   142G lvm                                              running
  │   └─pve-vm--110--disk--0     8G lvm                                              running
  └─pve-data_tdata           793.8G lvm                                              running
    └─pve-data-tpool         793.8G lvm                                              running
      ├─pve-data             793.8G lvm                                              running
      ├─pve-vm--104--disk--0   142G lvm                                              running
      └─pve-vm--110--disk--0     8G lvm                                              running
---
zpool list -v
NAME                                         SIZE  ALLOC   FREE  CKPOINT  EXPANDSZ   FRAG    CAP  DEDUP    HEALTH  ALTROOT
vm-2tb-hdd                                  1.81T   796G  1.03T        -         -    38%    42%  1.00x    ONLINE  -
  ata-WDC_WD20EZBX-00AYRA0_WD-WX62AC2RJVN0  1.82T   796G  1.03T        -         -    38%  42.9%      -    ONLINE
---
zpool status -v
  pool: vm-2tb-hdd
 state: ONLINE
  scan: scrub canceled on Mon Dec 22 07:53:51 2025
config:

	NAME                                        STATE     READ WRITE CKSUM
	vm-2tb-hdd                                  ONLINE       0     0     0
	  ata-WDC_WD20EZBX-00AYRA0_WD-WX62AC2RJVN0  ONLINE       0     0     0

errors: No known data errors
---
smartctl --scan
/dev/sda -d scsi # /dev/sda, SCSI device
/dev/sdb -d scsi # /dev/sdb, SCSI device
/dev/nvme0 -d nvme # /dev/nvme0, NVMe device
---
smartctl data
=== /dev/sda ===
smartctl 7.4 2024-10-15 r5620 [x86_64-linux-6.17.4-1-pve] (local build)
Copyright (C) 2002-23, Bruce Allen, Christian Franke, www.smartmontools.org

=== START OF INFORMATION SECTION ===
Device Model:     WDC WD20EZBX-00AYRA0
Serial Number:    WD-WX62AC2RJVN0
LU WWN Device Id: 5 0014ee 2c0404f39
Firmware Version: 01.01A01
User Capacity:    2,000,398,934,016 bytes [2.00 TB]
Sector Sizes:     512 bytes logical, 4096 bytes physical
Rotation Rate:    7200 rpm
Form Factor:      3.5 inches
TRIM Command:     Available, deterministic
Device is:        Not in smartctl database 7.3/5528
ATA Version is:   ACS-3 T13/2161-D revision 5
SATA Version is:  SATA 3.1, 6.0 Gb/s (current: 6.0 Gb/s)
Local Time is:    Tue Dec 23 06:46:57 2025 CET
SMART support is: Available - device has SMART capability.
SMART support is: Enabled

=== START OF READ SMART DATA SECTION ===
SMART overall-health self-assessment test result: PASSED

General SMART Values:
Offline data collection status:  (0x00)	Offline data collection activity
					was never started.
					Auto Offline Data Collection: Disabled.
Self-test execution status:      (   0)	The previous self-test routine completed
					without error or no self-test has ever 
					been run.
Total time to complete Offline 
data collection: 		(44640) seconds.
Offline data collection
capabilities: 			 (0x7b) SMART execute Offline immediate.
					Auto Offline data collection on/off support.
					Suspend Offline collection upon new
					command.
					Offline surface scan supported.
					Self-test supported.
					Conveyance Self-test supported.
					Selective Self-test supported.
SMART capabilities:            (0x0003)	Saves SMART data before entering
					power-saving mode.
					Supports SMART auto save timer.
Error logging capability:        (0x01)	Error logging supported.
					General Purpose Logging supported.
Short self-test routine 
recommended polling time: 	 (   2) minutes.
Extended self-test routine
recommended polling time: 	 ( 176) minutes.
Conveyance self-test routine
recommended polling time: 	 (   2) minutes.
SCT capabilities: 	       (0x3035)	SCT Status supported.
					SCT Feature Control supported.
					SCT Data Table supported.

SMART Attributes Data Structure revision number: 16
Vendor Specific SMART Attributes with Thresholds:
ID# ATTRIBUTE_NAME          FLAG     VALUE WORST THRESH TYPE      UPDATED  WHEN_FAILED RAW_VALUE
  1 Raw_Read_Error_Rate     0x002f   200   200   051    Pre-fail  Always       -       0
  3 Spin_Up_Time            0x0027   156   150   021    Pre-fail  Always       -       3200
  4 Start_Stop_Count        0x0032   100   100   000    Old_age   Always       -       180
  5 Reallocated_Sector_Ct   0x0033   200   200   140    Pre-fail  Always       -       0
  7 Seek_Error_Rate         0x002e   200   200   000    Old_age   Always       -       0
  9 Power_On_Hours          0x0032   097   097   000    Old_age   Always       -       2430
 10 Spin_Retry_Count        0x0032   100   100   000    Old_age   Always       -       0
 11 Calibration_Retry_Count 0x0032   100   100   000    Old_age   Always       -       0
 12 Power_Cycle_Count       0x0032   100   100   000    Old_age   Always       -       178
192 Power-Off_Retract_Count 0x0032   200   200   000    Old_age   Always       -       93
193 Load_Cycle_Count        0x0032   200   200   000    Old_age   Always       -       149
194 Temperature_Celsius     0x0022   103   097   000    Old_age   Always       -       40
196 Reallocated_Event_Count 0x0032   200   200   000    Old_age   Always       -       0
197 Current_Pending_Sector  0x0032   200   200   000    Old_age   Always       -       0
198 Offline_Uncorrectable   0x0030   100   253   000    Old_age   Offline      -       0
199 UDMA_CRC_Error_Count    0x0032   200   200   000    Old_age   Always       -       0
200 Multi_Zone_Error_Rate   0x0008   100   253   000    Old_age   Offline      -       0

SMART Error Log Version: 1
No Errors Logged

SMART Self-test log structure revision number 1
No self-tests have been logged.  [To run self-tests, use: smartctl -t]

SMART Selective self-test log data structure revision number 1
 SPAN  MIN_LBA  MAX_LBA  CURRENT_TEST_STATUS
    1        0        0  Not_testing
    2        0        0  Not_testing
    3        0        0  Not_testing
    4        0        0  Not_testing
    5        0        0  Not_testing
Selective self-test flags (0x0):
  After scanning selected spans, do NOT read-scan remainder of disk.
If Selective self-test is pending on power-up, resume after 0 minute delay.

The above only provides legacy SMART information - try 'smartctl -x' for more

---
=== /dev/sdb ===
smartctl 7.4 2024-10-15 r5620 [x86_64-linux-6.17.4-1-pve] (local build)
Copyright (C) 2002-23, Bruce Allen, Christian Franke, www.smartmontools.org

=== START OF INFORMATION SECTION ===
Model Family:     Western Digital Blue
Device Model:     WDC WD10EZEX-08RKKA0
Serial Number:    WD-WMC1S7192642
LU WWN Device Id: 5 0014ee 25eb10745
Firmware Version: 80.00A80
User Capacity:    1,000,204,886,016 bytes [1.00 TB]
Sector Sizes:     512 bytes logical, 4096 bytes physical
Rotation Rate:    7200 rpm
Device is:        In smartctl database 7.3/5528
ATA Version is:   ATA8-ACS (minor revision not indicated)
SATA Version is:  SATA 3.0, 6.0 Gb/s (current: 6.0 Gb/s)
Local Time is:    Tue Dec 23 06:46:57 2025 CET
SMART support is: Available - device has SMART capability.
SMART support is: Enabled

=== START OF READ SMART DATA SECTION ===
SMART overall-health self-assessment test result: PASSED

General SMART Values:
Offline data collection status:  (0x82)	Offline data collection activity
					was completed without error.
					Auto Offline Data Collection: Enabled.
Self-test execution status:      (   0)	The previous self-test routine completed
					without error or no self-test has ever 
					been run.
Total time to complete Offline 
data collection: 		(10620) seconds.
Offline data collection
capabilities: 			 (0x7b) SMART execute Offline immediate.
					Auto Offline data collection on/off support.
					Suspend Offline collection upon new
					command.
					Offline surface scan supported.
					Self-test supported.
					Conveyance Self-test supported.
					Selective Self-test supported.
SMART capabilities:            (0x0003)	Saves SMART data before entering
					power-saving mode.
					Supports SMART auto save timer.
Error logging capability:        (0x01)	Error logging supported.
					General Purpose Logging supported.
Short self-test routine 
recommended polling time: 	 (   2) minutes.
Extended self-test routine
recommended polling time: 	 ( 122) minutes.
Conveyance self-test routine
recommended polling time: 	 (   5) minutes.
SCT capabilities: 	       (0x30b5)	SCT Status supported.
					SCT Feature Control supported.
					SCT Data Table supported.

SMART Attributes Data Structure revision number: 16
Vendor Specific SMART Attributes with Thresholds:
ID# ATTRIBUTE_NAME          FLAG     VALUE WORST THRESH TYPE      UPDATED  WHEN_FAILED RAW_VALUE
  1 Raw_Read_Error_Rate     0x002f   200   200   051    Pre-fail  Always       -       0
  3 Spin_Up_Time            0x0027   177   172   021    Pre-fail  Always       -       2150
  4 Start_Stop_Count        0x0032   097   097   000    Old_age   Always       -       3103
  5 Reallocated_Sector_Ct   0x0033   200   200   140    Pre-fail  Always       -       0
  7 Seek_Error_Rate         0x002e   100   253   000    Old_age   Always       -       0
  9 Power_On_Hours          0x0032   050   050   000    Old_age   Always       -       36517
 10 Spin_Retry_Count        0x0032   100   100   000    Old_age   Always       -       0
 11 Calibration_Retry_Count 0x0032   100   100   000    Old_age   Always       -       0
 12 Power_Cycle_Count       0x0032   097   097   000    Old_age   Always       -       3077
192 Power-Off_Retract_Count 0x0032   200   200   000    Old_age   Always       -       464
193 Load_Cycle_Count        0x0032   200   200   000    Old_age   Always       -       2638
194 Temperature_Celsius     0x0022   100   093   000    Old_age   Always       -       43
196 Reallocated_Event_Count 0x0032   200   200   000    Old_age   Always       -       0
197 Current_Pending_Sector  0x0032   200   200   000    Old_age   Always       -       0
198 Offline_Uncorrectable   0x0030   200   200   000    Old_age   Offline      -       0
199 UDMA_CRC_Error_Count    0x0032   200   200   000    Old_age   Always       -       0
200 Multi_Zone_Error_Rate   0x0008   200   200   000    Old_age   Offline      -       0

SMART Error Log Version: 1
No Errors Logged

SMART Self-test log structure revision number 1
Num  Test_Description    Status                  Remaining  LifeTime(hours)  LBA_of_first_error
# 1  Extended offline    Aborted by host               90%     32805         -
# 2  Extended offline    Completed without error       00%     32122         -
# 3  Vendor (0x50)       Completed without error       00%     22154         -
# 4  Short offline       Completed without error       00%     22154         -
# 5  Vendor (0x50)       Completed without error       00%     21454         -
# 6  Short offline       Completed without error       00%     21454         -
# 7  Vendor (0x50)       Completed without error       00%     20950         -
# 8  Short offline       Completed without error       00%     20950         -
# 9  Vendor (0x50)       Completed without error       00%     20490         -
#10  Short offline       Completed without error       00%     20490         -
#11  Vendor (0x50)       Completed without error       00%     20474         -
#12  Short offline       Completed without error       00%     20474         -
#13  Vendor (0x50)       Completed without error       00%     19731         -
#14  Short offline       Completed without error       00%     19731         -
#15  Vendor (0x50)       Completed without error       00%     19011         -
#16  Short offline       Completed without error       00%     19011         -
#17  Vendor (0x50)       Completed without error       00%     18668         -
#18  Short offline       Completed without error       00%     18667         -
#19  Vendor (0x50)       Completed without error       00%     17881         -
#20  Short offline       Completed without error       00%     17881         -
#21  Vendor (0x50)       Completed without error       00%     17358         -

SMART Selective self-test log data structure revision number 1
 SPAN  MIN_LBA  MAX_LBA  CURRENT_TEST_STATUS
    1        0        0  Not_testing
    2        0        0  Not_testing
    3        0        0  Not_testing
    4        0        0  Not_testing
    5        0        0  Not_testing
Selective self-test flags (0x0):
  After scanning selected spans, do NOT read-scan remainder of disk.
If Selective self-test is pending on power-up, resume after 0 minute delay.

The above only provides legacy SMART information - try 'smartctl -x' for more

---
=== /dev/nvme0n1 ===
smartctl 7.4 2024-10-15 r5620 [x86_64-linux-6.17.4-1-pve] (local build)
Copyright (C) 2002-23, Bruce Allen, Christian Franke, www.smartmontools.org

=== START OF INFORMATION SECTION ===
Model Number:                       CT1000P1SSD8
Serial Number:                      2006E289868B
Firmware Version:                   P3CR013
PCI Vendor/Subsystem ID:            0xc0a9
IEEE OUI Identifier:                0x00a075
Controller ID:                      1
NVMe Version:                       1.3
Number of Namespaces:               1
Namespace 1 Size/Capacity:          1,000,204,886,016 [1.00 TB]
Namespace 1 Formatted LBA Size:     512
Namespace 1 IEEE EUI-64:            00a075 20e289868b
Local Time is:                      Tue Dec 23 06:46:57 2025 CET
Firmware Updates (0x14):            2 Slots, no Reset required
Optional Admin Commands (0x0016):   Format Frmw_DL Self_Test
Optional NVM Commands (0x005e):     Wr_Unc DS_Mngmt Wr_Zero Sav/Sel_Feat Timestmp
Log Page Attributes (0x0f):         S/H_per_NS Cmd_Eff_Lg Ext_Get_Lg Telmtry_Lg
Maximum Data Transfer Size:         32 Pages
Warning  Comp. Temp. Threshold:     70 Celsius
Critical Comp. Temp. Threshold:     80 Celsius

Supported Power States
St Op     Max   Active     Idle   RL RT WL WT  Ent_Lat  Ex_Lat
 0 +     9.00W       -        -    0  0  0  0        5       5
 1 +     4.60W       -        -    1  1  1  1       30      30
 2 +     3.80W       -        -    2  2  2  2       30      30
 3 -   0.0500W       -        -    3  3  3  3     1000    1000
 4 -   0.0040W       -        -    4  4  4  4     6000    8000

Supported LBA Sizes (NSID 0x1)
Id Fmt  Data  Metadt  Rel_Perf
 0 +     512       0         0

=== START OF SMART DATA SECTION ===
SMART overall-health self-assessment test result: PASSED

SMART/Health Information (NVMe Log 0x02)
Critical Warning:                   0x00
Temperature:                        33 Celsius
Available Spare:                    100%
Available Spare Threshold:          10%
Percentage Used:                    44%
Data Units Read:                    123,458,957 [63.2 TB]
Data Units Written:                 104,263,223 [53.3 TB]
Host Read Commands:                 1,213,839,511
Host Write Commands:                1,275,413,320
Controller Busy Time:               36,727
Power Cycles:                       2,516
Power On Hours:                     19,931
Unsafe Shutdowns:                   478
Media and Data Integrity Errors:    0
Error Information Log Entries:      0
Warning  Comp. Temperature Time:    0
Critical Comp. Temperature Time:    0
Temperature Sensor 1:               34 Celsius
Temperature Sensor 2:               33 Celsius
Temperature Sensor 5:               40 Celsius
Thermal Temp. 1 Transition Count:   156
Thermal Temp. 2 Transition Count:   5
Thermal Temp. 1 Total Time:         65200
Thermal Temp. 2 Total Time:         4097

Error Information (NVMe Log 0x01, 16 of 256 entries)
No Errors Logged

Read Self-test Log failed: Invalid Field in Command (0x002)

---
---
zfs list -o name,used,avail,compressratio
NAME                           USED  AVAIL  RATIO
vm-2tb-hdd                    1.44T   322G  1.00x
vm-2tb-hdd/subvol-105-disk-0  1.31G  6.69G  1.00x
vm-2tb-hdd/subvol-107-disk-0  1.69G  6.31G  1.00x
vm-2tb-hdd/subvol-108-disk-0  1.27G  6.73G  1.00x
vm-2tb-hdd/subvol-112-disk-0  7.05G  8.95G  1.00x
vm-2tb-hdd/vm-100-disk-0       254G   568G  1.00x
vm-2tb-hdd/vm-100-disk-1       711G   438G  1.00x
vm-2tb-hdd/vm-101-disk-0      26.7G   322G  1.00x
vm-2tb-hdd/vm-102-disk-0      26.7G   330G  1.00x
vm-2tb-hdd/vm-103-disk-0      60.9G   376G  1.00x
vm-2tb-hdd/vm-106-disk-0      10.2G   322G  1.00x
vm-2tb-hdd/vm-106-disk-1       254G   507G  1.00x
vm-2tb-hdd/vm-109-disk-0       122G   394G  1.00x
---
sensors
lm-sensors not installed
---
qm list
      VMID NAME                 STATUS     MEM(MB)    BOOTDISK(GB) PID       
       100 media-server         running    4096             250.00 1481      
       101 dev.bean             running    8096              26.27 2100310   
       102 dev.remote           running    8192              26.27 1668      
       103 ut99-server          running    2048              60.00 1765      
       104 dev.server.wow       running    8096             142.04 2018464   
       106 navidrome-bean       running    2048              10.00 2100327   
       109 mc-server            running    8192             120.00 1997      
---
pct list
VMID       Status     Lock         Name                
105        running                 prometheus          
107        running                 grafana             
108        running                 proxexport          
110        running                 kanboard            
112        stopped                 authentik           
---
/etc/modprobe.d/zfs.conf
options zfs zfs_arc_max=25769803776     # 24 GiB
options zfs zfs_arc_min=8589934592      # 8 GiB
---
free -h
               total        used        free      shared  buff/cache   available
Mem:            62Gi        31Gi        30Gi        56Mi       1.1Gi        30Gi
Swap:          8.0Gi        69Mi       7.9Gi
---
=== End of Report ===
